{"D:\\Github\\INT3120-2020\\18\\my-project\\assets\\icon\\0.webp": {"path":"D:\\Github\\INT3120-2020\\18\\my-project\\assets\\icon\\0.webp","statementMap":{"0":{"start":{"line":1,"column":0},"end":{"line":1,"column":19}}},"fnMap":{},"branchMap":{},"s":{"0":1},"f":{},"b":{},"_coverageSchema":"43e27e138ebf9cfc5966b082cf9a028302ed4184","hash":"af5d57cbffdcc69d27c5a8f5bee72dea5c57434b"}
,"D:\\Github\\INT3120-2020\\18\\my-project\\assets\\icon\\1.webp": {"path":"D:\\Github\\INT3120-2020\\18\\my-project\\assets\\icon\\1.webp","statementMap":{"0":{"start":{"line":1,"column":0},"end":{"line":1,"column":19}}},"fnMap":{},"branchMap":{},"s":{"0":1},"f":{},"b":{},"_coverageSchema":"43e27e138ebf9cfc5966b082cf9a028302ed4184","hash":"a6145ab24a81726e0e436939a89e607f26d8f9b0"}
,"D:\\Github\\INT3120-2020\\18\\my-project\\assets\\icon\\2.webp": {"path":"D:\\Github\\INT3120-2020\\18\\my-project\\assets\\icon\\2.webp","statementMap":{"0":{"start":{"line":1,"column":0},"end":{"line":1,"column":19}}},"fnMap":{},"branchMap":{},"s":{"0":1},"f":{},"b":{},"_coverageSchema":"43e27e138ebf9cfc5966b082cf9a028302ed4184","hash":"910d0a7fa7d5a09973e72a98e1f0705fa8c6adfa"}
,"D:\\Github\\INT3120-2020\\18\\my-project\\assets\\icon\\3.webp": {"path":"D:\\Github\\INT3120-2020\\18\\my-project\\assets\\icon\\3.webp","statementMap":{"0":{"start":{"line":1,"column":0},"end":{"line":1,"column":19}}},"fnMap":{},"branchMap":{},"s":{"0":1},"f":{},"b":{},"_coverageSchema":"43e27e138ebf9cfc5966b082cf9a028302ed4184","hash":"b7a36fd6f79d5069e11d67411e10e7bfa370939c"}
,"D:\\Github\\INT3120-2020\\18\\my-project\\assets\\icon\\4.webp": {"path":"D:\\Github\\INT3120-2020\\18\\my-project\\assets\\icon\\4.webp","statementMap":{"0":{"start":{"line":1,"column":0},"end":{"line":1,"column":19}}},"fnMap":{},"branchMap":{},"s":{"0":1},"f":{},"b":{},"_coverageSchema":"43e27e138ebf9cfc5966b082cf9a028302ed4184","hash":"395c7de71c09fa5df3767bff82f8f634dc25bb6e"}
,"D:\\Github\\INT3120-2020\\18\\my-project\\screens\\Learn.js": {"path":"D:\\Github\\INT3120-2020\\18\\my-project\\screens\\Learn.js","statementMap":{"0":{"start":{"line":13,"column":18},"end":{"line":39,"column":1}},"1":{"start":{"line":41,"column":16},"end":{"line":41,"column":40}},"2":{"start":{"line":45,"column":4},"end":{"line":69,"column":6}},"3":{"start":{"line":49,"column":41},"end":{"line":49,"column":57}},"4":{"start":{"line":51,"column":12},"end":{"line":65,"column":31}},"5":{"start":{"line":53,"column":29},"end":{"line":53,"column":67}},"6":{"start":{"line":72,"column":15},"end":{"line":90,"column":2}}},"fnMap":{"0":{"name":"(anonymous_0)","decl":{"start":{"line":44,"column":2},"end":{"line":44,"column":3}},"loc":{"start":{"line":44,"column":11},"end":{"line":70,"column":3}},"line":44},"1":{"name":"(anonymous_1)","decl":{"start":{"line":49,"column":24},"end":{"line":49,"column":25}},"loc":{"start":{"line":49,"column":41},"end":{"line":49,"column":57}},"line":49},"2":{"name":"(anonymous_2)","decl":{"start":{"line":50,"column":22},"end":{"line":50,"column":23}},"loc":{"start":{"line":51,"column":12},"end":{"line":65,"column":31}},"line":51},"3":{"name":"(anonymous_3)","decl":{"start":{"line":53,"column":23},"end":{"line":53,"column":24}},"loc":{"start":{"line":53,"column":29},"end":{"line":53,"column":67}},"line":53}},"branchMap":{"0":{"loc":{"start":{"line":58,"column":26},"end":{"line":58,"column":60}},"type":"binary-expr","locations":[{"start":{"line":58,"column":26},"end":{"line":58,"column":46}},{"start":{"line":58,"column":50},"end":{"line":58,"column":60}}],"line":58},"1":{"loc":{"start":{"line":62,"column":42},"end":{"line":62,"column":65}},"type":"binary-expr","locations":[{"start":{"line":62,"column":42},"end":{"line":62,"column":52}},{"start":{"line":62,"column":56},"end":{"line":62,"column":65}}],"line":62},"2":{"loc":{"start":{"line":63,"column":43},"end":{"line":63,"column":72}},"type":"binary-expr","locations":[{"start":{"line":63,"column":43},"end":{"line":63,"column":56}},{"start":{"line":63,"column":60},"end":{"line":63,"column":72}}],"line":63}},"s":{"0":1,"1":1,"2":1,"3":5,"4":5,"5":0,"6":1},"f":{"0":1,"1":5,"2":5,"3":0},"b":{"0":[5,5],"1":[5,5],"2":[5,5]},"_coverageSchema":"43e27e138ebf9cfc5966b082cf9a028302ed4184","hash":"a1626a7efabafcd06a942dc811cc474b04dbaa65"}
,"D:\\Github\\INT3120-2020\\18\\my-project\\screens\\Skill.js": {"path":"D:\\Github\\INT3120-2020\\18\\my-project\\screens\\Skill.js","statementMap":{"0":{"start":{"line":11,"column":4},"end":{"line":11,"column":17}},"1":{"start":{"line":12,"column":4},"end":{"line":22,"column":6}},"2":{"start":{"line":26,"column":4},"end":{"line":40,"column":6}},"3":{"start":{"line":31,"column":12},"end":{"line":36,"column":33}},"4":{"start":{"line":44,"column":15},"end":{"line":66,"column":2}}},"fnMap":{"0":{"name":"(anonymous_0)","decl":{"start":{"line":10,"column":2},"end":{"line":10,"column":3}},"loc":{"start":{"line":10,"column":21},"end":{"line":23,"column":3}},"line":10},"1":{"name":"(anonymous_1)","decl":{"start":{"line":25,"column":2},"end":{"line":25,"column":3}},"loc":{"start":{"line":25,"column":11},"end":{"line":41,"column":3}},"line":25},"2":{"name":"(anonymous_2)","decl":{"start":{"line":30,"column":22},"end":{"line":30,"column":23}},"loc":{"start":{"line":31,"column":12},"end":{"line":36,"column":33}},"line":31}},"branchMap":{},"s":{"0":1,"1":1,"2":1,"3":7,"4":1},"f":{"0":1,"1":1,"2":7},"b":{},"_coverageSchema":"43e27e138ebf9cfc5966b082cf9a028302ed4184","hash":"6aefc4c3057a60095902159d615aeb15968f609e"}
,"D:\\Github\\INT3120-2020\\18\\my-project\\screens\\Tutorial.js": {"path":"D:\\Github\\INT3120-2020\\18\\my-project\\screens\\Tutorial.js","statementMap":{"0":{"start":{"line":7,"column":4},"end":{"line":50,"column":6}},"1":{"start":{"line":45,"column":25},"end":{"line":45,"column":63}},"2":{"start":{"line":54,"column":15},"end":{"line":69,"column":2}}},"fnMap":{"0":{"name":"(anonymous_0)","decl":{"start":{"line":6,"column":2},"end":{"line":6,"column":3}},"loc":{"start":{"line":6,"column":11},"end":{"line":51,"column":3}},"line":6},"1":{"name":"(anonymous_1)","decl":{"start":{"line":45,"column":19},"end":{"line":45,"column":20}},"loc":{"start":{"line":45,"column":25},"end":{"line":45,"column":63}},"line":45}},"branchMap":{},"s":{"0":1,"1":0,"2":1},"f":{"0":1,"1":0},"b":{},"_coverageSchema":"43e27e138ebf9cfc5966b082cf9a028302ed4184","hash":"a12a5f47c8f54996b7d8f9207a02f71183c71a7a"}
,"D:\\Github\\INT3120-2020\\18\\my-project\\screens\\Tips\\Practive.js": {"path":"D:\\Github\\INT3120-2020\\18\\my-project\\screens\\Tips\\Practive.js","statementMap":{"0":{"start":{"line":5,"column":19},"end":{"line":78,"column":1}},"1":{"start":{"line":82,"column":4},"end":{"line":112,"column":6}},"2":{"start":{"line":88,"column":14},"end":{"line":106,"column":31}},"3":{"start":{"line":108,"column":43},"end":{"line":108,"column":59}}},"fnMap":{"0":{"name":"(anonymous_0)","decl":{"start":{"line":81,"column":2},"end":{"line":81,"column":3}},"loc":{"start":{"line":81,"column":11},"end":{"line":113,"column":3}},"line":81},"1":{"name":"(anonymous_1)","decl":{"start":{"line":87,"column":24},"end":{"line":87,"column":25}},"loc":{"start":{"line":88,"column":14},"end":{"line":106,"column":31}},"line":88},"2":{"name":"(anonymous_2)","decl":{"start":{"line":108,"column":26},"end":{"line":108,"column":27}},"loc":{"start":{"line":108,"column":43},"end":{"line":108,"column":59}},"line":108}},"branchMap":{},"s":{"0":1,"1":1,"2":10,"3":12},"f":{"0":1,"1":10,"2":12},"b":{},"_coverageSchema":"43e27e138ebf9cfc5966b082cf9a028302ed4184","hash":"8793d7f20b6c42e763e4be4e18ebb898aa17fb41"}
,"D:\\Github\\INT3120-2020\\18\\my-project\\screens\\rules\\Car.js": {"path":"D:\\Github\\INT3120-2020\\18\\my-project\\screens\\rules\\Car.js","statementMap":{"0":{"start":{"line":5,"column":14},"end":{"line":68,"column":1}},"1":{"start":{"line":72,"column":4},"end":{"line":79,"column":6}},"2":{"start":{"line":85,"column":4},"end":{"line":92,"column":6}},"3":{"start":{"line":89,"column":36},"end":{"line":89,"column":69}},"4":{"start":{"line":96,"column":15},"end":{"line":117,"column":2}}},"fnMap":{"0":{"name":"(anonymous_0)","decl":{"start":{"line":71,"column":2},"end":{"line":71,"column":3}},"loc":{"start":{"line":71,"column":11},"end":{"line":80,"column":3}},"line":71},"1":{"name":"(anonymous_1)","decl":{"start":{"line":84,"column":2},"end":{"line":84,"column":3}},"loc":{"start":{"line":84,"column":11},"end":{"line":93,"column":3}},"line":84},"2":{"name":"(anonymous_2)","decl":{"start":{"line":89,"column":22},"end":{"line":89,"column":23}},"loc":{"start":{"line":89,"column":36},"end":{"line":89,"column":69}},"line":89}},"branchMap":{},"s":{"0":1,"1":10,"2":1,"3":10,"4":1},"f":{"0":10,"1":1,"2":10},"b":{},"_coverageSchema":"43e27e138ebf9cfc5966b082cf9a028302ed4184","hash":"9dc002ffc6f4fc551b7fb035a5e47270052fd43f"}
}
