TN:
SF:D:\Github\INT3120-2020\18\my-project\assets\icon\0.webp
FNF:0
FNH:0
DA:1,1
LF:1
LH:1
BRF:0
BRH:0
end_of_record
TN:
SF:D:\Github\INT3120-2020\18\my-project\assets\icon\1.webp
FNF:0
FNH:0
DA:1,1
LF:1
LH:1
BRF:0
BRH:0
end_of_record
TN:
SF:D:\Github\INT3120-2020\18\my-project\assets\icon\2.webp
FNF:0
FNH:0
DA:1,1
LF:1
LH:1
BRF:0
BRH:0
end_of_record
TN:
SF:D:\Github\INT3120-2020\18\my-project\assets\icon\3.webp
FNF:0
FNH:0
DA:1,1
LF:1
LH:1
BRF:0
BRH:0
end_of_record
TN:
SF:D:\Github\INT3120-2020\18\my-project\assets\icon\4.webp
FNF:0
FNH:0
DA:1,1
LF:1
LH:1
BRF:0
BRH:0
end_of_record
TN:
SF:D:\Github\INT3120-2020\18\my-project\screens\Learn.js
FN:44,(anonymous_0)
FN:49,(anonymous_1)
FN:50,(anonymous_2)
FN:53,(anonymous_3)
FNF:4
FNH:3
FNDA:1,(anonymous_0)
FNDA:5,(anonymous_1)
FNDA:5,(anonymous_2)
FNDA:0,(anonymous_3)
DA:13,1
DA:41,1
DA:45,1
DA:49,5
DA:51,5
DA:53,0
DA:72,1
LF:7
LH:6
BRDA:58,0,0,5
BRDA:58,0,1,5
BRDA:62,1,0,5
BRDA:62,1,1,5
BRDA:63,2,0,5
BRDA:63,2,1,5
BRF:6
BRH:6
end_of_record
TN:
SF:D:\Github\INT3120-2020\18\my-project\screens\Skill.js
FN:10,(anonymous_0)
FN:25,(anonymous_1)
FN:30,(anonymous_2)
FNF:3
FNH:3
FNDA:1,(anonymous_0)
FNDA:1,(anonymous_1)
FNDA:7,(anonymous_2)
DA:11,1
DA:12,1
DA:26,1
DA:31,7
DA:44,1
LF:5
LH:5
BRF:0
BRH:0
end_of_record
TN:
SF:D:\Github\INT3120-2020\18\my-project\screens\Tutorial.js
FN:6,(anonymous_0)
FN:45,(anonymous_1)
FNF:2
FNH:1
FNDA:1,(anonymous_0)
FNDA:0,(anonymous_1)
DA:7,1
DA:45,0
DA:54,1
LF:3
LH:2
BRF:0
BRH:0
end_of_record
TN:
SF:D:\Github\INT3120-2020\18\my-project\screens\Tips\Practive.js
FN:81,(anonymous_0)
FN:87,(anonymous_1)
FN:108,(anonymous_2)
FNF:3
FNH:3
FNDA:1,(anonymous_0)
FNDA:10,(anonymous_1)
FNDA:12,(anonymous_2)
DA:5,1
DA:82,1
DA:88,10
DA:108,12
LF:4
LH:4
BRF:0
BRH:0
end_of_record
TN:
SF:D:\Github\INT3120-2020\18\my-project\screens\rules\Car.js
FN:71,(anonymous_0)
FN:84,(anonymous_1)
FN:89,(anonymous_2)
FNF:3
FNH:3
FNDA:10,(anonymous_0)
FNDA:1,(anonymous_1)
FNDA:10,(anonymous_2)
DA:5,1
DA:72,10
DA:85,1
DA:89,10
DA:96,1
LF:5
LH:5
BRF:0
BRH:0
end_of_record
