{"C:\\Users\\LaptopAZ.vn\\Documents\\GitHub\\INT3120-2020\\nhom 16\\app\\Data\\bienbaocam.js": {"path":"C:\\Users\\LaptopAZ.vn\\Documents\\GitHub\\INT3120-2020\\nhom 16\\app\\Data\\bienbaocam.js","statementMap":{"0":{"start":{"line":2,"column":15},"end":{"line":88,"column":1}},"1":{"start":{"line":89,"column":0},"end":{"line":89,"column":28}}},"fnMap":{},"branchMap":{},"s":{"0":1,"1":1},"f":{},"b":{},"_coverageSchema":"1a1c01bbd47fc00a2c39e90264f33305004495a9","hash":"d3477c89aa7dc6a4a41ad6da660559e7ed925dd2"}
,"C:\\Users\\LaptopAZ.vn\\Documents\\GitHub\\INT3120-2020\\nhom 16\\app\\Data\\bienphu.js": {"path":"C:\\Users\\LaptopAZ.vn\\Documents\\GitHub\\INT3120-2020\\nhom 16\\app\\Data\\bienphu.js","statementMap":{"0":{"start":{"line":2,"column":13},"end":{"line":58,"column":1}},"1":{"start":{"line":59,"column":0},"end":{"line":59,"column":26}}},"fnMap":{},"branchMap":{},"s":{"0":1,"1":1},"f":{},"b":{},"_coverageSchema":"1a1c01bbd47fc00a2c39e90264f33305004495a9","hash":"04db5013d2a1447ba6f8399fa15d082d9ec9abb2"}
,"C:\\Users\\LaptopAZ.vn\\Documents\\GitHub\\INT3120-2020\\nhom 16\\app\\Data\\vach.js": {"path":"C:\\Users\\LaptopAZ.vn\\Documents\\GitHub\\INT3120-2020\\nhom 16\\app\\Data\\vach.js","statementMap":{"0":{"start":{"line":2,"column":9},"end":{"line":58,"column":1}},"1":{"start":{"line":59,"column":0},"end":{"line":59,"column":22}}},"fnMap":{},"branchMap":{},"s":{"0":1,"1":1},"f":{},"b":{},"_coverageSchema":"1a1c01bbd47fc00a2c39e90264f33305004495a9","hash":"97976403d0471c94c59d1fe49f4de34083a96cb6"}
,"C:\\Users\\LaptopAZ.vn\\Documents\\GitHub\\INT3120-2020\\nhom 16\\app\\bienbao\\BienBaoPhu.js": {"path":"C:\\Users\\LaptopAZ.vn\\Documents\\GitHub\\INT3120-2020\\nhom 16\\app\\bienbao\\BienBaoPhu.js","statementMap":{"0":{"start":{"line":7,"column":8},"end":{"line":19,"column":10}},"1":{"start":{"line":25,"column":8},"end":{"line":39,"column":9}},"2":{"start":{"line":30,"column":20},"end":{"line":34,"column":22}}},"fnMap":{"0":{"name":"(anonymous_0)","decl":{"start":{"line":6,"column":4},"end":{"line":6,"column":5}},"loc":{"start":{"line":6,"column":12},"end":{"line":20,"column":5}},"line":6},"1":{"name":"(anonymous_1)","decl":{"start":{"line":24,"column":4},"end":{"line":24,"column":5}},"loc":{"start":{"line":24,"column":12},"end":{"line":39,"column":10}},"line":24},"2":{"name":"(anonymous_2)","decl":{"start":{"line":29,"column":28},"end":{"line":29,"column":29}},"loc":{"start":{"line":29,"column":45},"end":{"line":35,"column":17}},"line":29}},"branchMap":{},"s":{"0":9,"1":1,"2":9},"f":{"0":9,"1":1,"2":9},"b":{},"_coverageSchema":"1a1c01bbd47fc00a2c39e90264f33305004495a9","hash":"22167afebddeb377d51c03d33e4ba440465d8003"}
,"C:\\Users\\LaptopAZ.vn\\Documents\\GitHub\\INT3120-2020\\nhom 16\\app\\bienbao\\BienCam.js": {"path":"C:\\Users\\LaptopAZ.vn\\Documents\\GitHub\\INT3120-2020\\nhom 16\\app\\bienbao\\BienCam.js","statementMap":{"0":{"start":{"line":7,"column":8},"end":{"line":19,"column":10}},"1":{"start":{"line":24,"column":8},"end":{"line":38,"column":9}},"2":{"start":{"line":29,"column":20},"end":{"line":33,"column":22}}},"fnMap":{"0":{"name":"(anonymous_0)","decl":{"start":{"line":6,"column":4},"end":{"line":6,"column":5}},"loc":{"start":{"line":6,"column":12},"end":{"line":20,"column":5}},"line":6},"1":{"name":"(anonymous_1)","decl":{"start":{"line":23,"column":4},"end":{"line":23,"column":5}},"loc":{"start":{"line":23,"column":12},"end":{"line":38,"column":10}},"line":23},"2":{"name":"(anonymous_2)","decl":{"start":{"line":28,"column":28},"end":{"line":28,"column":29}},"loc":{"start":{"line":28,"column":45},"end":{"line":34,"column":17}},"line":28}},"branchMap":{},"s":{"0":10,"1":1,"2":10},"f":{"0":10,"1":1,"2":10},"b":{},"_coverageSchema":"1a1c01bbd47fc00a2c39e90264f33305004495a9","hash":"ad9f5a4d020d02b8c6e3189865b61ad0e03dbf29"}
,"C:\\Users\\LaptopAZ.vn\\Documents\\GitHub\\INT3120-2020\\nhom 16\\app\\bienbao\\VachKeDuong.js": {"path":"C:\\Users\\LaptopAZ.vn\\Documents\\GitHub\\INT3120-2020\\nhom 16\\app\\bienbao\\VachKeDuong.js","statementMap":{"0":{"start":{"line":7,"column":8},"end":{"line":19,"column":10}},"1":{"start":{"line":24,"column":8},"end":{"line":38,"column":9}},"2":{"start":{"line":29,"column":20},"end":{"line":33,"column":22}}},"fnMap":{"0":{"name":"(anonymous_0)","decl":{"start":{"line":6,"column":4},"end":{"line":6,"column":5}},"loc":{"start":{"line":6,"column":12},"end":{"line":20,"column":5}},"line":6},"1":{"name":"(anonymous_1)","decl":{"start":{"line":23,"column":4},"end":{"line":23,"column":5}},"loc":{"start":{"line":23,"column":12},"end":{"line":38,"column":10}},"line":23},"2":{"name":"(anonymous_2)","decl":{"start":{"line":28,"column":28},"end":{"line":28,"column":29}},"loc":{"start":{"line":28,"column":45},"end":{"line":34,"column":17}},"line":28}},"branchMap":{},"s":{"0":9,"1":1,"2":9},"f":{"0":9,"1":1,"2":9},"b":{},"_coverageSchema":"1a1c01bbd47fc00a2c39e90264f33305004495a9","hash":"42417c8a7d28a1bf5ba9487760903f2efca930ad"}
,"C:\\Users\\LaptopAZ.vn\\Documents\\GitHub\\INT3120-2020\\nhom 16\\app\\component\\MeoThi.js": {"path":"C:\\Users\\LaptopAZ.vn\\Documents\\GitHub\\INT3120-2020\\nhom 16\\app\\component\\MeoThi.js","statementMap":{"0":{"start":{"line":5,"column":8},"end":{"line":43,"column":10}}},"fnMap":{"0":{"name":"(anonymous_0)","decl":{"start":{"line":4,"column":4},"end":{"line":4,"column":5}},"loc":{"start":{"line":4,"column":12},"end":{"line":44,"column":5}},"line":4}},"branchMap":{},"s":{"0":1},"f":{"0":1},"b":{},"_coverageSchema":"1a1c01bbd47fc00a2c39e90264f33305004495a9","hash":"dac5e9202c33052ef89a8c38468978bb9a34de48"}
,"C:\\Users\\LaptopAZ.vn\\Documents\\GitHub\\INT3120-2020\\nhom 16\\app\\tracuuluat\\bo.js": {"path":"C:\\Users\\LaptopAZ.vn\\Documents\\GitHub\\INT3120-2020\\nhom 16\\app\\tracuuluat\\bo.js","statementMap":{"0":{"start":{"line":5,"column":6},"end":{"line":14,"column":8}},"1":{"start":{"line":19,"column":8},"end":{"line":36,"column":10}}},"fnMap":{"0":{"name":"(anonymous_0)","decl":{"start":{"line":4,"column":4},"end":{"line":4,"column":5}},"loc":{"start":{"line":4,"column":13},"end":{"line":15,"column":5}},"line":4},"1":{"name":"(anonymous_1)","decl":{"start":{"line":18,"column":4},"end":{"line":18,"column":5}},"loc":{"start":{"line":18,"column":12},"end":{"line":37,"column":5}},"line":18}},"branchMap":{},"s":{"0":12,"1":1},"f":{"0":12,"1":1},"b":{},"_coverageSchema":"1a1c01bbd47fc00a2c39e90264f33305004495a9","hash":"6aa2eecc6b87c7ed1544c9e1aed3da8212b3ccb7"}
}
