TN:
SF:Data\bienbaocam.js
FNF:0
FNH:0
DA:2,1
DA:89,1
LF:2
LH:2
BRF:0
BRH:0
end_of_record
TN:
SF:Data\bienphu.js
FNF:0
FNH:0
DA:2,1
DA:59,1
LF:2
LH:2
BRF:0
BRH:0
end_of_record
TN:
SF:Data\vach.js
FNF:0
FNH:0
DA:2,1
DA:59,1
LF:2
LH:2
BRF:0
BRH:0
end_of_record
TN:
SF:bienbao\BienBaoPhu.js
FN:6,(anonymous_0)
FN:24,(anonymous_1)
FN:29,(anonymous_2)
FNF:3
FNH:3
FNDA:9,(anonymous_0)
FNDA:1,(anonymous_1)
FNDA:9,(anonymous_2)
DA:7,9
DA:25,1
DA:30,9
LF:3
LH:3
BRF:0
BRH:0
end_of_record
TN:
SF:bienbao\BienCam.js
FN:6,(anonymous_0)
FN:23,(anonymous_1)
FN:28,(anonymous_2)
FNF:3
FNH:3
FNDA:10,(anonymous_0)
FNDA:1,(anonymous_1)
FNDA:10,(anonymous_2)
DA:7,10
DA:24,1
DA:29,10
LF:3
LH:3
BRF:0
BRH:0
end_of_record
TN:
SF:bienbao\VachKeDuong.js
FN:6,(anonymous_0)
FN:23,(anonymous_1)
FN:28,(anonymous_2)
FNF:3
FNH:3
FNDA:9,(anonymous_0)
FNDA:1,(anonymous_1)
FNDA:9,(anonymous_2)
DA:7,9
DA:24,1
DA:29,9
LF:3
LH:3
BRF:0
BRH:0
end_of_record
TN:
SF:component\MeoThi.js
FN:4,(anonymous_0)
FNF:1
FNH:1
FNDA:1,(anonymous_0)
DA:5,1
LF:1
LH:1
BRF:0
BRH:0
end_of_record
TN:
SF:tracuuluat\bo.js
FN:4,(anonymous_0)
FN:18,(anonymous_1)
FNF:2
FNH:2
FNDA:12,(anonymous_0)
FNDA:1,(anonymous_1)
DA:5,12
DA:19,1
LF:2
LH:2
BRF:0
BRH:0
end_of_record
